#
# There is insufficient memory for the Java Runtime Environment to continue.
# Native memory allocation (mmap) failed to map 167772160 bytes for committing reserved memory.
# Possible reasons:
#   The system is out of physical RAM or swap space
#   The process is running with CompressedOops enabled, and the Java Heap may be blocking the growth of the native heap
# Possible solutions:
#   Reduce memory load on the system
#   Increase physical memory or swap space
#   Check if swap backing store is full
#   Decrease Java heap size (-Xmx/-Xms)
#   Decrease number of Java threads
#   Decrease Java thread stack sizes (-Xss)
#   Set larger code cache with -XX:ReservedCodeCacheSize=
#   JVM is running with Unscaled Compressed Oops mode in which the Java heap is
#     placed in the first 4GB address space. The Java Heap base address is the
#     maximum limit for the native heap growth. Please use -XX:HeapBaseMinAddress
#     to set the Java Heap base and to place the Java Heap above 4GB virtual address.
# This output file may be truncated or incomplete.
#
#  Out of Memory Error (os_linux.cpp:2756), pid=18576, tid=0x00007f1f35ee6700
#
# JRE version: OpenJDK Runtime Environment (8.0_212-b03) (build 1.8.0_212-8u212-b03-0ubuntu1.19.04.2-b03)
# Java VM: OpenJDK 64-Bit Server VM (25.212-b03 mixed mode linux-amd64 compressed oops)
# Failed to write core dump. Core dumps have been disabled. To enable core dumping, try "ulimit -c unlimited" before starting Java again
#

---------------  T H R E A D  ---------------

Current thread (0x00007f1f64080000):  VMThread [stack: 0x00007f1f35de7000,0x00007f1f35ee7000] [id=18586]

Stack: [0x00007f1f35de7000,0x00007f1f35ee7000],  sp=0x00007f1f35ee5450,  free space=1017k
Native frames: (J=compiled Java code, j=interpreted, Vv=VM code, C=native code)
V  [libjvm.so+0xa1ec15]
V  [libjvm.so+0x4b2027]
V  [libjvm.so+0x883858]
V  [libjvm.so+0x87af4e]
V  [libjvm.so+0x8f349e]
V  [libjvm.so+0x8f3c91]
V  [libjvm.so+0x8f461b]
V  [libjvm.so+0x8f1479]
V  [libjvm.so+0x8e9fd5]
V  [libjvm.so+0x43c1dd]
V  [libjvm.so+0xa20152]
V  [libjvm.so+0xa25d16]
V  [libjvm.so+0xa237d7]
V  [libjvm.so+0xa24a7c]
V  [libjvm.so+0xa24cd7]
V  [libjvm.so+0x880ce2]

VM_Operation (0x00007f1f2cbfc2a0): CollectForMetadataAllocation, mode: safepoint, requested by thread 0x00007f1ef801d800


---------------  P R O C E S S  ---------------

Java Threads: ( => current thread )
  0x00007f1ef803b000 JavaThread "pool-1-thread-3" [_thread_blocked, id=18601, stack(0x00007f1f2c6fc000,0x00007f1f2c7fd000)]
  0x00007f1ef8039000 JavaThread "pool-1-thread-2" [_thread_blocked, id=18600, stack(0x00007f1f2c7fd000,0x00007f1f2c8fe000)]
  0x00007f1ef801d800 JavaThread "Apex Prelude Service STARTING" [_thread_blocked, id=18599, stack(0x00007f1f2cafe000,0x00007f1f2cbff000)]
  0x00007f1f6400a800 JavaThread "DestroyJavaVM" [_thread_blocked, id=18577, stack(0x00007f1f68908000,0x00007f1f68a08000)]
  0x00007f1f64534000 JavaThread "pool-1-thread-1" [_thread_in_native, id=18598, stack(0x00007f1f3405a000,0x00007f1f3415b000)]
  0x00007f1f640d2000 JavaThread "Service Thread" daemon [_thread_blocked, id=18594, stack(0x00007f1f34803000,0x00007f1f34904000)]
  0x00007f1f640c7000 JavaThread "C1 CompilerThread3" daemon [_thread_blocked, id=18593, stack(0x00007f1f34905000,0x00007f1f34a05000)]
  0x00007f1f640c4800 JavaThread "C2 CompilerThread2" daemon [_thread_blocked, id=18592, stack(0x00007f1f34a06000,0x00007f1f34b06000)]
  0x00007f1f640c3000 JavaThread "C2 CompilerThread1" daemon [_thread_blocked, id=18591, stack(0x00007f1f34b07000,0x00007f1f34c07000)]
  0x00007f1f640c0000 JavaThread "C2 CompilerThread0" daemon [_thread_blocked, id=18590, stack(0x00007f1f34c08000,0x00007f1f34d08000)]
  0x00007f1f640be800 JavaThread "Signal Dispatcher" daemon [_thread_blocked, id=18589, stack(0x00007f1f34d08000,0x00007f1f34e09000)]
  0x00007f1f6408c000 JavaThread "Finalizer" daemon [_thread_blocked, id=18588, stack(0x00007f1f35be4000,0x00007f1f35ce5000)]
  0x00007f1f64089800 JavaThread "Reference Handler" daemon [_thread_blocked, id=18587, stack(0x00007f1f35ce5000,0x00007f1f35de6000)]

Other Threads:
=>0x00007f1f64080000 VMThread [stack: 0x00007f1f35de7000,0x00007f1f35ee7000] [id=18586]
  0x00007f1f640d4800 WatcherThread [stack: 0x00007f1f34703000,0x00007f1f34803000] [id=18595]

VM state:at safepoint (normal execution)

VM Mutex/Monitor currently owned by a thread:  ([mutex/lock_event])
[0x00007f1f64007c70] Threads_lock - owner thread: 0x00007f1f64080000
[0x00007f1f64008170] Heap_lock - owner thread: 0x00007f1ef801d800

heap address: 0x0000000087a00000, size: 1926 MB, Compressed Oops mode: 32-bit
Narrow klass base: 0x0000000000000000, Narrow klass shift: 3
Compressed class space size: 1073741824 Address: 0x0000000100000000

Heap:
 PSYoungGen      total 130048K, used 5104K [0x00000000d7e00000, 0x00000000e0200000, 0x0000000100000000)
  eden space 124928K, 0% used [0x00000000d7e00000,0x00000000d7e00000,0x00000000df800000)
  from space 5120K, 99% used [0x00000000df800000,0x00000000dfcfc128,0x00000000dfd00000)
  to   space 5120K, 0% used [0x00000000dfd00000,0x00000000dfd00000,0x00000000e0200000)
 ParOldGen       total 83456K, used 75907K [0x0000000087a00000, 0x000000008cb80000, 0x00000000d7e00000)
  object space 83456K, 90% used [0x0000000087a00000,0x000000008c420eb0,0x000000008cb80000)
 Metaspace       used 20590K, capacity 21091K, committed 21248K, reserved 1067008K
  class space    used 2518K, capacity 2713K, committed 2816K, reserved 1048576K

Card table byte_map: [0x00007f1f6811f000,0x00007f1f684e3000] byte_map_base: 0x00007f1f67ce2000

Marking Bits: (ParMarkBitMap*) 0x00007f1f69a003a0
 Begin Bits: [0x00007f1f443d0000, 0x00007f1f461e8000)
 End Bits:   [0x00007f1f461e8000, 0x00007f1f48000000)

Polling page: 0x00007f1f69c4f000

CodeCache: size=245760Kb used=6580Kb max_used=6582Kb free=239179Kb
 bounds [0x00007f1f55000000, 0x00007f1f55680000, 0x00007f1f64000000]
 total_blobs=2534 nmethods=2159 adapters=289
 compilation: enabled

Compilation events (10 events):
Event: 1.905 Thread 0x00007f1f640c7000 2156       3       org.antlr.runtime.ANTLRStringStream::consume (61 bytes)
Event: 1.906 Thread 0x00007f1f640c7000 nmethod 2156 0x00007f1f5566fe90 code [0x00007f1f55670000, 0x00007f1f55670210]
Event: 1.906 Thread 0x00007f1f640c7000 2155       1       org.antlr.runtime.CommonToken::getType (5 bytes)
Event: 1.906 Thread 0x00007f1f640c7000 nmethod 2155 0x00007f1f5566fbd0 code [0x00007f1f5566fd20, 0x00007f1f5566fe30]
Event: 1.906 Thread 0x00007f1f640c7000 2157       1       org.antlr.runtime.CommonToken::getChannel (5 bytes)
Event: 1.906 Thread 0x00007f1f640c7000 nmethod 2157 0x00007f1f55668150 code [0x00007f1f556682a0, 0x00007f1f556683b0]
Event: 1.906 Thread 0x00007f1f640c7000 2158       1       org.antlr.runtime.ANTLRStringStream::index (5 bytes)
Event: 1.906 Thread 0x00007f1f640c7000 nmethod 2158 0x00007f1f55667e90 code [0x00007f1f55667fe0, 0x00007f1f556680f0]
Event: 1.906 Thread 0x00007f1f640c7000 2159       3       org.antlr.runtime.CommonTokenStream::LT (82 bytes)
Event: 1.906 Thread 0x00007f1f640c7000 nmethod 2159 0x00007f1f55667550 code [0x00007f1f55667720, 0x00007f1f55667cd8]

GC Heap History (9 events):
Event: 0.174 GC heap before
{Heap before GC invocations=1 (full 0):
 PSYoungGen      total 36352K, used 31232K [0x00000000d7e00000, 0x00000000da680000, 0x0000000100000000)
  eden space 31232K, 100% used [0x00000000d7e00000,0x00000000d9c80000,0x00000000d9c80000)
  from space 5120K, 0% used [0x00000000da180000,0x00000000da180000,0x00000000da680000)
  to   space 5120K, 0% used [0x00000000d9c80000,0x00000000d9c80000,0x00000000da180000)
 ParOldGen       total 83456K, used 0K [0x0000000087a00000, 0x000000008cb80000, 0x00000000d7e00000)
  object space 83456K, 0% used [0x0000000087a00000,0x0000000087a00000,0x000000008cb80000)
 Metaspace       used 2764K, capacity 4480K, committed 4480K, reserved 1056768K
  class space    used 286K, capacity 384K, committed 384K, reserved 1048576K
Event: 0.180 GC heap after
Heap after GC invocations=1 (full 0):
 PSYoungGen      total 36352K, used 5088K [0x00000000d7e00000, 0x00000000dc500000, 0x0000000100000000)
  eden space 31232K, 0% used [0x00000000d7e00000,0x00000000d7e00000,0x00000000d9c80000)
  from space 5120K, 99% used [0x00000000d9c80000,0x00000000da178208,0x00000000da180000)
  to   space 5120K, 0% used [0x00000000dc000000,0x00000000dc000000,0x00000000dc500000)
 ParOldGen       total 83456K, used 13053K [0x0000000087a00000, 0x000000008cb80000, 0x00000000d7e00000)
  object space 83456K, 15% used [0x0000000087a00000,0x00000000886bf6e0,0x000000008cb80000)
 Metaspace       used 2764K, capacity 4480K, committed 4480K, reserved 1056768K
  class space    used 286K, capacity 384K, committed 384K, reserved 1048576K
}
Event: 0.423 GC heap before
{Heap before GC invocations=2 (full 0):
 PSYoungGen      total 36352K, used 36320K [0x00000000d7e00000, 0x00000000dc500000, 0x0000000100000000)
  eden space 31232K, 100% used [0x00000000d7e00000,0x00000000d9c80000,0x00000000d9c80000)
  from space 5120K, 99% used [0x00000000d9c80000,0x00000000da178208,0x00000000da180000)
  to   space 5120K, 0% used [0x00000000dc000000,0x00000000dc000000,0x00000000dc500000)
 ParOldGen       total 83456K, used 13053K [0x0000000087a00000, 0x000000008cb80000, 0x00000000d7e00000)
  object space 83456K, 15% used [0x0000000087a00000,0x00000000886bf6e0,0x000000008cb80000)
 Metaspace       used 5226K, capacity 5298K, committed 5504K, reserved 1056768K
  class space    used 562K, capacity 593K, committed 640K, reserved 1048576K
Event: 0.431 GC heap after
Heap after GC invocations=2 (full 0):
 PSYoungGen      total 67584K, used 5104K [0x00000000d7e00000, 0x00000000dc500000, 0x0000000100000000)
  eden space 62464K, 0% used [0x00000000d7e00000,0x00000000d7e00000,0x00000000dbb00000)
  from space 5120K, 99% used [0x00000000dc000000,0x00000000dc4fc118,0x00000000dc500000)
  to   space 5120K, 0% used [0x00000000dbb00000,0x00000000dbb00000,0x00000000dc000000)
 ParOldGen       total 83456K, used 27266K [0x0000000087a00000, 0x000000008cb80000, 0x00000000d7e00000)
  object space 83456K, 32% used [0x0000000087a00000,0x00000000894a0a20,0x000000008cb80000)
 Metaspace       used 5226K, capacity 5298K, committed 5504K, reserved 1056768K
  class space    used 562K, capacity 593K, committed 640K, reserved 1048576K
}
Event: 1.090 GC heap before
{Heap before GC invocations=3 (full 0):
 PSYoungGen      total 67584K, used 67568K [0x00000000d7e00000, 0x00000000dc500000, 0x0000000100000000)
  eden space 62464K, 100% used [0x00000000d7e00000,0x00000000dbb00000,0x00000000dbb00000)
  from space 5120K, 99% used [0x00000000dc000000,0x00000000dc4fc118,0x00000000dc500000)
  to   space 5120K, 0% used [0x00000000dbb00000,0x00000000dbb00000,0x00000000dc000000)
 ParOldGen       total 83456K, used 27266K [0x0000000087a00000, 0x000000008cb80000, 0x00000000d7e00000)
  object space 83456K, 32% used [0x0000000087a00000,0x00000000894a0a20,0x000000008cb80000)
 Metaspace       used 14304K, capacity 14506K, committed 14720K, reserved 1062912K
  class space    used 1748K, capacity 1833K, committed 1920K, reserved 1048576K
Event: 1.110 GC heap after
Heap after GC invocations=3 (full 0):
 PSYoungGen      total 67584K, used 5104K [0x00000000d7e00000, 0x00000000e0200000, 0x0000000100000000)
  eden space 62464K, 0% used [0x00000000d7e00000,0x00000000d7e00000,0x00000000dbb00000)
  from space 5120K, 99% used [0x00000000dbb00000,0x00000000dbffc128,0x00000000dc000000)
  to   space 5120K, 0% used [0x00000000dfd00000,0x00000000dfd00000,0x00000000e0200000)
 ParOldGen       total 83456K, used 44430K [0x0000000087a00000, 0x000000008cb80000, 0x00000000d7e00000)
  object space 83456K, 53% used [0x0000000087a00000,0x000000008a563868,0x000000008cb80000)
 Metaspace       used 14304K, capacity 14506K, committed 14720K, reserved 1062912K
  class space    used 1748K, capacity 1833K, committed 1920K, reserved 1048576K
}
Event: 1.461 GC heap before
{Heap before GC invocations=4 (full 0):
 PSYoungGen      total 67584K, used 67568K [0x00000000d7e00000, 0x00000000e0200000, 0x0000000100000000)
  eden space 62464K, 100% used [0x00000000d7e00000,0x00000000dbb00000,0x00000000dbb00000)
  from space 5120K, 99% used [0x00000000dbb00000,0x00000000dbffc128,0x00000000dc000000)
  to   space 5120K, 0% used [0x00000000dfd00000,0x00000000dfd00000,0x00000000e0200000)
 ParOldGen       total 83456K, used 44430K [0x0000000087a00000, 0x000000008cb80000, 0x00000000d7e00000)
  object space 83456K, 53% used [0x0000000087a00000,0x000000008a563868,0x000000008cb80000)
 Metaspace       used 18411K, capacity 18872K, committed 19200K, reserved 1067008K
  class space    used 2331K, capacity 2486K, committed 2560K, reserved 1048576K
Event: 1.482 GC heap after
Heap after GC invocations=4 (full 0):
 PSYoungGen      total 130048K, used 5104K [0x00000000d7e00000, 0x00000000e0200000, 0x0000000100000000)
  eden space 124928K, 0% used [0x00000000d7e00000,0x00000000d7e00000,0x00000000df800000)
  from space 5120K, 99% used [0x00000000dfd00000,0x00000000e01fc128,0x00000000e0200000)
  to   space 5120K, 0% used [0x00000000df800000,0x00000000df800000,0x00000000dfd00000)
 ParOldGen       total 83456K, used 62195K [0x0000000087a00000, 0x000000008cb80000, 0x00000000d7e00000)
  object space 83456K, 74% used [0x0000000087a00000,0x000000008b6bcfc8,0x000000008cb80000)
 Metaspace       used 18411K, capacity 18872K, committed 19200K, reserved 1067008K
  class space    used 2331K, capacity 2486K, committed 2560K, reserved 1048576K
}
Event: 1.926 GC heap before
{Heap before GC invocations=5 (full 0):
 PSYoungGen      total 130048K, used 43519K [0x00000000d7e00000, 0x00000000e0200000, 0x0000000100000000)
  eden space 124928K, 30% used [0x00000000d7e00000,0x00000000da383ea8,0x00000000df800000)
  from space 5120K, 99% used [0x00000000dfd00000,0x00000000e01fc128,0x00000000e0200000)
  to   space 5120K, 0% used [0x00000000df800000,0x00000000df800000,0x00000000dfd00000)
 ParOldGen       total 83456K, used 62195K [0x0000000087a00000, 0x000000008cb80000, 0x00000000d7e00000)
  object space 83456K, 74% used [0x0000000087a00000,0x000000008b6bcfc8,0x000000008cb80000)
 Metaspace       used 20590K, capacity 21091K, committed 21248K, reserved 1067008K
  class space    used 2518K, capacity 2713K, committed 2816K, reserved 1048576K

Deoptimization events (10 events):
Event: 1.242 Thread 0x00007f1f6400a800 Uncommon trap: reason=bimorphic action=maybe_recompile pc=0x00007f1f554090d0 method=java.util.HashMap.putMapEntries(Ljava/util/Map;Z)V @ 1
Event: 1.278 Thread 0x00007f1f6400a800 Uncommon trap: reason=unstable_if action=reinterpret pc=0x00007f1f55163b84 method=java.lang.String.<init>([CII)V @ 18
Event: 1.325 Thread 0x00007f1f6400a800 Uncommon trap: reason=unstable_if action=reinterpret pc=0x00007f1f5518840c method=java.lang.ThreadLocal$ThreadLocalMap.getEntry(Ljava/lang/ThreadLocal;)Ljava/lang/ThreadLocal$ThreadLocalMap$Entry; @ 29
Event: 1.347 Thread 0x00007f1f6400a800 Uncommon trap: reason=bimorphic action=maybe_recompile pc=0x00007f1f554090d0 method=java.util.HashMap.putMapEntries(Ljava/util/Map;Z)V @ 1
Event: 1.362 Thread 0x00007f1f6400a800 Uncommon trap: reason=bimorphic action=maybe_recompile pc=0x00007f1f554090d0 method=java.util.HashMap.putMapEntries(Ljava/util/Map;Z)V @ 1
Event: 1.400 Thread 0x00007f1f64534000 Uncommon trap: reason=null_check action=make_not_entrant pc=0x00007f1f5518f034 method=java.lang.StringCoding.deref(Ljava/lang/ThreadLocal;)Ljava/lang/Object; @ 4
Event: 1.438 Thread 0x00007f1ef801d800 Uncommon trap: reason=unstable_if action=reinterpret pc=0x00007f1f554ca360 method=jdk.internal.org.objectweb.asm.Type.getArgumentsAndReturnSizes(Ljava/lang/String;)I @ 47
Event: 1.450 Thread 0x00007f1f64534000 Uncommon trap: reason=class_check action=maybe_recompile pc=0x00007f1f554b3ea4 method=java.util.concurrent.ConcurrentHashMap.putVal(Ljava/lang/Object;Ljava/lang/Object;Z)Ljava/lang/Object; @ 192
Event: 1.455 Thread 0x00007f1ef801d800 Uncommon trap: reason=unstable_if action=reinterpret pc=0x00007f1f55509094 method=java.lang.ClassLoader.compareCerts([Ljava/security/cert/Certificate;[Ljava/security/cert/Certificate;)Z @ 1
Event: 1.503 Thread 0x00007f1ef801d800 Uncommon trap: reason=unstable_if action=reinterpret pc=0x00007f1f55541cbc method=com.sun.nio.zipfs.ZipFileSystem.getParent([B)[B @ 21

Classes redefined (0 events):
No events

Internal exceptions (10 events):
Event: 0.811 Thread 0x00007f1f6400a800 Exception <a 'java/lang/ArrayIndexOutOfBoundsException': 86> (0x00000000da500b08) thrown at [/build/openjdk-8-Pu9rhK/openjdk-8-8u212-b03/src/hotspot/src/share/vm/interpreter/interpreterRuntime.cpp, line 368]
Event: 1.073 Thread 0x00007f1f6400a800 Exception <a 'java/lang/NoSuchMethodError': java.lang.Object.lambda$or$2(Ljava/util/function/Predicate;Ljava/lang/Object;)Z> (0x00000000dba5e870) thrown at [/build/openjdk-8-Pu9rhK/openjdk-8-8u212-b03/src/hotspot/src/share/vm/interpreter/linkResolver.cpp,
Event: 1.074 Thread 0x00007f1f6400a800 Exception <a 'java/lang/NoSuchMethodError': java.lang.Object.lambda$negate$1(Ljava/lang/Object;)Z> (0x00000000dba68088) thrown at [/build/openjdk-8-Pu9rhK/openjdk-8-8u212-b03/src/hotspot/src/share/vm/interpreter/linkResolver.cpp, line 620]
Event: 1.084 Thread 0x00007f1f6400a800 Exception <a 'java/lang/NoSuchMethodError': java.lang.Object.lambda$andThen$1(Ljava/util/function/Function;Ljava/lang/Object;)Ljava/lang/Object;> (0x00000000dbaac558) thrown at [/build/openjdk-8-Pu9rhK/openjdk-8-8u212-b03/src/hotspot/src/share/vm/interpre
Event: 1.291 Thread 0x00007f1f6400a800 Exception <a 'java/lang/NoSuchMethodError': java.lang.Object.lambda$comparing$77a9974f$1(Ljava/util/function/Function;Ljava/lang/Object;Ljava/lang/Object;)I> (0x00000000dacc95b8) thrown at [/build/openjdk-8-Pu9rhK/openjdk-8-8u212-b03/src/hotspot/src/share
Event: 1.295 Thread 0x00007f1f6400a800 Exception <a 'java/lang/NoSuchMethodError': java.lang.Object.lambda$and$0(Ljava/util/function/Predicate;Ljava/lang/Object;)Z> (0x00000000dad14f98) thrown at [/build/openjdk-8-Pu9rhK/openjdk-8-8u212-b03/src/hotspot/src/share/vm/interpreter/linkResolver.cpp
Event: 1.315 Thread 0x00007f1f6400a800 Exception <a 'java/lang/NoSuchMethodError': java.lang.Object.lambda$static$0(Lapex/jorje/semantic/ast/context/Emitter;Lapex/jorje/semantic/symbol/member/variable/DynamicFieldInfo;Lapex/jorje/semantic/symbol/member/variable/VariableVisitor$Context;)V> (0x0
Event: 1.400 Thread 0x00007f1f64534000 Implicit null exception at 0x00007f1f5518e72b to 0x00007f1f5518f025
Event: 1.436 Thread 0x00007f1ef801d800 Exception <a 'java/lang/NoSuchMethodError': org.slf4j.impl.StaticMDCBinder.getSingleton()Lorg/slf4j/impl/StaticMDCBinder;> (0x00000000db8866c0) thrown at [/build/openjdk-8-Pu9rhK/openjdk-8-8u212-b03/src/hotspot/src/share/vm/interpreter/linkResolver.cpp, l
Event: 1.455 Thread 0x00007f1ef801d800 Implicit null exception at 0x00007f1f5550888c to 0x00007f1f55509081

Events (10 events):
Event: 1.923 loading class apex/jorje/data/errors/SyntaxError$MatchBlock done
Event: 1.924 loading class apex/jorje/data/errors/UserError$MatchBlock
Event: 1.924 loading class apex/jorje/data/errors/UserError$MatchBlock done
Event: 1.924 loading class apex/jorje/data/ast/WhenCase$MatchBlock
Event: 1.924 loading class apex/jorje/data/ast/WhenCase$MatchBlock done
Event: 1.924 loading class apex/jorje/data/LocationBlocks$1
Event: 1.924 loading class apex/jorje/data/LocationBlocks$1 done
Event: 1.924 loading class apex/jorje/data/LocationBlocks$2
Event: 1.924 loading class apex/jorje/data/LocationBlocks$2 done
Event: 1.925 Executing VM operation: CollectForMetadataAllocation


Dynamic libraries:
87a00000-8cb80000 rw-p 00000000 00:00 0 
8cb80000-d7e00000 ---p 00000000 00:00 0 
d7e00000-e0200000 rw-p 00000000 00:00 0 
ea200000-100000000 ---p 00000000 00:00 0 
100000000-1002c0000 rw-p 00000000 00:00 0 
1002c0000-140000000 ---p 00000000 00:00 0 
55be75a7a000-55be75a7b000 r--p 00000000 103:02 2104010                   /usr/lib/jvm/java-8-openjdk-amd64/jre/bin/java
55be75a7b000-55be75a7c000 r-xp 00001000 103:02 2104010                   /usr/lib/jvm/java-8-openjdk-amd64/jre/bin/java
55be75a7c000-55be75a7d000 r--p 00002000 103:02 2104010                   /usr/lib/jvm/java-8-openjdk-amd64/jre/bin/java
55be75a7d000-55be75a7e000 r--p 00002000 103:02 2104010                   /usr/lib/jvm/java-8-openjdk-amd64/jre/bin/java
55be75a7e000-55be75a7f000 rw-p 00003000 103:02 2104010                   /usr/lib/jvm/java-8-openjdk-amd64/jre/bin/java
55be767b7000-55be767d8000 rw-p 00000000 00:00 0                          [heap]
7f1ef0000000-7f1ef0021000 rw-p 00000000 00:00 0 
7f1ef0021000-7f1ef4000000 ---p 00000000 00:00 0 
7f1ef4000000-7f1ef4021000 rw-p 00000000 00:00 0 
7f1ef4021000-7f1ef8000000 ---p 00000000 00:00 0 
7f1ef8000000-7f1ef803d000 rw-p 00000000 00:00 0 
7f1ef803d000-7f1efc000000 ---p 00000000 00:00 0 
7f1efc000000-7f1efc50e000 rw-p 00000000 00:00 0 
7f1efc50e000-7f1f00000000 ---p 00000000 00:00 0 
7f1f00000000-7f1f00021000 rw-p 00000000 00:00 0 
7f1f00021000-7f1f04000000 ---p 00000000 00:00 0 
7f1f04000000-7f1f04021000 rw-p 00000000 00:00 0 
7f1f04021000-7f1f08000000 ---p 00000000 00:00 0 
7f1f08000000-7f1f08555000 rw-p 00000000 00:00 0 
7f1f08555000-7f1f0c000000 ---p 00000000 00:00 0 
7f1f0c000000-7f1f0c284000 rw-p 00000000 00:00 0 
7f1f0c284000-7f1f10000000 ---p 00000000 00:00 0 
7f1f10000000-7f1f104ca000 rw-p 00000000 00:00 0 
7f1f104ca000-7f1f14000000 ---p 00000000 00:00 0 
7f1f14000000-7f1f14348000 rw-p 00000000 00:00 0 
7f1f14348000-7f1f18000000 ---p 00000000 00:00 0 
7f1f18000000-7f1f18021000 rw-p 00000000 00:00 0 
7f1f18021000-7f1f1c000000 ---p 00000000 00:00 0 
7f1f1c000000-7f1f1c021000 rw-p 00000000 00:00 0 
7f1f1c021000-7f1f20000000 ---p 00000000 00:00 0 
7f1f20000000-7f1f20021000 rw-p 00000000 00:00 0 
7f1f20021000-7f1f24000000 ---p 00000000 00:00 0 
7f1f24000000-7f1f24021000 rw-p 00000000 00:00 0 
7f1f24021000-7f1f28000000 ---p 00000000 00:00 0 
7f1f28000000-7f1f28021000 rw-p 00000000 00:00 0 
7f1f28021000-7f1f2c000000 ---p 00000000 00:00 0 
7f1f2c5d2000-7f1f2c6fc000 rw-p 00000000 00:00 0 
7f1f2c6fc000-7f1f2c6ff000 ---p 00000000 00:00 0 
7f1f2c6ff000-7f1f2c7fd000 rw-p 00000000 00:00 0 
7f1f2c7fd000-7f1f2c800000 ---p 00000000 00:00 0 
7f1f2c800000-7f1f2cafe000 rw-p 00000000 00:00 0 
7f1f2cafe000-7f1f2cb01000 ---p 00000000 00:00 0 
7f1f2cb01000-7f1f2cdff000 rw-p 00000000 00:00 0 
7f1f2cdff000-7f1f2cfff000 rw-p 00000000 00:00 0 
7f1f2cfff000-7f1f30000000 rw-p 00000000 00:00 0 
7f1f30000000-7f1f30021000 rw-p 00000000 00:00 0 
7f1f30021000-7f1f34000000 ---p 00000000 00:00 0 
7f1f3405a000-7f1f3405d000 ---p 00000000 00:00 0 
7f1f3405d000-7f1f3415b000 rw-p 00000000 00:00 0 
7f1f3415b000-7f1f34162000 r--p 00000000 103:02 2104049                   /usr/lib/jvm/java-8-openjdk-amd64/jre/lib/amd64/libnio.so
7f1f34162000-7f1f3416a000 r-xp 00007000 103:02 2104049                   /usr/lib/jvm/java-8-openjdk-amd64/jre/lib/amd64/libnio.so
7f1f3416a000-7f1f3416d000 r--p 0000f000 103:02 2104049                   /usr/lib/jvm/java-8-openjdk-amd64/jre/lib/amd64/libnio.so
7f1f3416d000-7f1f3416e000 r--p 00011000 103:02 2104049                   /usr/lib/jvm/java-8-openjdk-amd64/jre/lib/amd64/libnio.so
7f1f3416e000-7f1f3416f000 rw-p 00012000 103:02 2104049                   /usr/lib/jvm/java-8-openjdk-amd64/jre/lib/amd64/libnio.so
7f1f3416f000-7f1f3436f000 rw-p 00000000 00:00 0 
7f1f3436f000-7f1f3456f000 rw-p 00000000 00:00 0 
7f1f3456f000-7f1f345a1000 rw-p 00000000 00:00 0 
7f1f345a1000-7f1f346cc000 r--s 00fa8000 103:03 8915884                   /home/adza/.vscode/extensions/salesforce.salesforcedx-vscode-apex-46.7.0/out/apex-jorje-lsp.jar
7f1f346cc000-7f1f346e7000 r--s 00394000 103:02 2104070                   /usr/lib/jvm/java-8-openjdk-amd64/jre/lib/ext/cldrdata.jar
7f1f346e7000-7f1f34702000 r--s 001d6000 103:02 2104075                   /usr/lib/jvm/java-8-openjdk-amd64/jre/lib/ext/nashorn.jar
7f1f34702000-7f1f34703000 ---p 00000000 00:00 0 
7f1f34703000-7f1f34803000 rw-p 00000000 00:00 0 
7f1f34803000-7f1f34806000 ---p 00000000 00:00 0 
7f1f34806000-7f1f34904000 rw-p 00000000 00:00 0 
7f1f34904000-7f1f34905000 ---p 00000000 00:00 0 
7f1f34905000-7f1f34908000 ---p 00000000 00:00 0 
7f1f34908000-7f1f34a05000 rw-p 00000000 00:00 0 
7f1f34a05000-7f1f34a06000 ---p 00000000 00:00 0 
7f1f34a06000-7f1f34a09000 ---p 00000000 00:00 0 
7f1f34a09000-7f1f34b06000 rw-p 00000000 00:00 0 
7f1f34b06000-7f1f34b07000 ---p 00000000 00:00 0 
7f1f34b07000-7f1f34b0a000 ---p 00000000 00:00 0 
7f1f34b0a000-7f1f34c07000 rw-p 00000000 00:00 0 
7f1f34c07000-7f1f34c08000 ---p 00000000 00:00 0 
7f1f34c08000-7f1f34c0b000 ---p 00000000 00:00 0 
7f1f34c0b000-7f1f34d08000 rw-p 00000000 00:00 0 
7f1f34d08000-7f1f34d0b000 ---p 00000000 00:00 0 
7f1f34d0b000-7f1f34e09000 rw-p 00000000 00:00 0 
7f1f34e09000-7f1f35be4000 r--p 00000000 103:02 1711134                   /usr/lib/locale/locale-archive
7f1f35be4000-7f1f35be7000 ---p 00000000 00:00 0 
7f1f35be7000-7f1f35ce5000 rw-p 00000000 00:00 0 
7f1f35ce5000-7f1f35ce8000 ---p 00000000 00:00 0 
7f1f35ce8000-7f1f35de6000 rw-p 00000000 00:00 0 
7f1f35de6000-7f1f35de7000 ---p 00000000 00:00 0 
7f1f35de7000-7f1f38000000 rw-p 00000000 00:00 0 
7f1f38000000-7f1f38021000 rw-p 00000000 00:00 0 
7f1f38021000-7f1f3c000000 ---p 00000000 00:00 0 
7f1f3c000000-7f1f3c021000 rw-p 00000000 00:00 0 
7f1f3c021000-7f1f40000000 ---p 00000000 00:00 0 
7f1f40000000-7f1f40021000 rw-p 00000000 00:00 0 
7f1f40021000-7f1f44000000 ---p 00000000 00:00 0 
7f1f44000000-7f1f44004000 r--p 00000000 103:02 2104048                   /usr/lib/jvm/java-8-openjdk-amd64/jre/lib/amd64/libnet.so
7f1f44004000-7f1f44013000 r-xp 00004000 103:02 2104048                   /usr/lib/jvm/java-8-openjdk-amd64/jre/lib/amd64/libnet.so
7f1f44013000-7f1f44017000 r--p 00013000 103:02 2104048                   /usr/lib/jvm/java-8-openjdk-amd64/jre/lib/amd64/libnet.so
7f1f44017000-7f1f44018000 r--p 00016000 103:02 2104048                   /usr/lib/jvm/java-8-openjdk-amd64/jre/lib/amd64/libnet.so
7f1f44018000-7f1f44019000 rw-p 00017000 103:02 2104048                   /usr/lib/jvm/java-8-openjdk-amd64/jre/lib/amd64/libnet.so
7f1f44019000-7f1f44201000 rw-p 00000000 00:00 0 
7f1f44201000-7f1f443d0000 r--s 03c3b000 103:02 2104099                   /usr/lib/jvm/java-8-openjdk-amd64/jre/lib/rt.jar
7f1f443d0000-7f1f48000000 rw-p 00000000 00:00 0 
7f1f48000000-7f1f48021000 rw-p 00000000 00:00 0 
7f1f48021000-7f1f4c000000 ---p 00000000 00:00 0 
7f1f4c000000-7f1f4c021000 rw-p 00000000 00:00 0 
7f1f4c021000-7f1f50000000 ---p 00000000 00:00 0 
7f1f50000000-7f1f50021000 rw-p 00000000 00:00 0 
7f1f50021000-7f1f54000000 ---p 00000000 00:00 0 
7f1f54002000-7f1f54004000 r--s 00016000 103:02 2104091                   /usr/lib/jvm/java-8-openjdk-amd64/jre/lib/jce.jar
7f1f54004000-7f1f54677000 rw-p 00000000 00:00 0 
7f1f54677000-7f1f54678000 ---p 00000000 00:00 0 
7f1f54678000-7f1f54778000 rw-p 00000000 00:00 0 
7f1f54778000-7f1f54779000 ---p 00000000 00:00 0 
7f1f54779000-7f1f54879000 rw-p 00000000 00:00 0 
7f1f54879000-7f1f5487a000 ---p 00000000 00:00 0 
7f1f5487a000-7f1f5497a000 rw-p 00000000 00:00 0 
7f1f5497a000-7f1f5497b000 ---p 00000000 00:00 0 
7f1f5497b000-7f1f54a7b000 rw-p 00000000 00:00 0 
7f1f54a7b000-7f1f54a7c000 ---p 00000000 00:00 0 
7f1f54a7c000-7f1f54b7c000 rw-p 00000000 00:00 0 
7f1f54b7c000-7f1f54b7d000 ---p 00000000 00:00 0 
7f1f54b7d000-7f1f54c7d000 rw-p 00000000 00:00 0 
7f1f54c7d000-7f1f54c7e000 ---p 00000000 00:00 0 
7f1f54c7e000-7f1f54da7000 rw-p 00000000 00:00 0 
7f1f54da7000-7f1f55000000 ---p 00000000 00:00 0 
7f1f55000000-7f1f55680000 rwxp 00000000 00:00 0 
7f1f55680000-7f1f64000000 ---p 00000000 00:00 0 
7f1f64000000-7f1f6453e000 rw-p 00000000 00:00 0 
7f1f6453e000-7f1f68000000 ---p 00000000 00:00 0 
7f1f68000000-7f1f68001000 r--p 00000000 103:02 2755242                   /usr/share/locale-langpack/en_AU/LC_MESSAGES/libc.mo
7f1f68001000-7f1f68005000 r--s 000a1000 103:02 2104093                   /usr/lib/jvm/java-8-openjdk-amd64/jre/lib/jsse.jar
7f1f68005000-7f1f6800f000 r--s 00116000 103:02 2104074                   /usr/lib/jvm/java-8-openjdk-amd64/jre/lib/ext/localedata.jar
7f1f6800f000-7f1f68012000 r--s 0000f000 103:02 2104072                   /usr/lib/jvm/java-8-openjdk-amd64/jre/lib/ext/icedtea-sound.jar
7f1f68012000-7f1f68014000 r--s 00008000 103:02 2104076                   /usr/lib/jvm/java-8-openjdk-amd64/jre/lib/ext/sunec.jar
7f1f68014000-7f1f68017000 r--s 00039000 103:02 2104078                   /usr/lib/jvm/java-8-openjdk-amd64/jre/lib/ext/sunpkcs11.jar
7f1f68017000-7f1f68019000 r--s 00007000 103:02 2497692                   /usr/share/java/java-atk-wrapper.jar
7f1f68019000-7f1f6801e000 r--s 0003c000 103:02 2104077                   /usr/lib/jvm/java-8-openjdk-amd64/jre/lib/ext/sunjce_provider.jar
7f1f6801e000-7f1f6801f000 ---p 00000000 00:00 0 
7f1f6801f000-7f1f68148000 rw-p 00000000 00:00 0 
7f1f68148000-7f1f683a1000 ---p 00000000 00:00 0 
7f1f683a1000-7f1f683e3000 rw-p 00000000 00:00 0 
7f1f683e3000-7f1f684e2000 ---p 00000000 00:00 0 
7f1f684e2000-7f1f684fd000 rw-p 00000000 00:00 0 
7f1f684fd000-7f1f688a3000 ---p 00000000 00:00 0 
7f1f688a3000-7f1f688a6000 r--p 00000000 103:02 1712590                   /usr/lib/x86_64-linux-gnu/libnss_files-2.29.so
7f1f688a6000-7f1f688ad000 r-xp 00003000 103:02 1712590                   /usr/lib/x86_64-linux-gnu/libnss_files-2.29.so
7f1f688ad000-7f1f688af000 r--p 0000a000 103:02 1712590                   /usr/lib/x86_64-linux-gnu/libnss_files-2.29.so
7f1f688af000-7f1f688b0000 r--p 0000b000 103:02 1712590                   /usr/lib/x86_64-linux-gnu/libnss_files-2.29.so
7f1f688b0000-7f1f688b1000 rw-p 0000c000 103:02 1712590                   /usr/lib/x86_64-linux-gnu/libnss_files-2.29.so
7f1f688b1000-7f1f688b7000 rw-p 00000000 00:00 0 
7f1f688b7000-7f1f688b8000 r--s 00010000 103:02 2104079                   /usr/lib/jvm/java-8-openjdk-amd64/jre/lib/ext/zipfs.jar
7f1f688b8000-7f1f688ba000 r--s 00001000 103:02 2104071                   /usr/lib/jvm/java-8-openjdk-amd64/jre/lib/ext/dnsns.jar
7f1f688ba000-7f1f688bd000 r--p 00000000 103:02 2104056                   /usr/lib/jvm/java-8-openjdk-amd64/jre/lib/amd64/libzip.so
7f1f688bd000-7f1f688c1000 r-xp 00003000 103:02 2104056                   /usr/lib/jvm/java-8-openjdk-amd64/jre/lib/amd64/libzip.so
7f1f688c1000-7f1f688c3000 r--p 00007000 103:02 2104056                   /usr/lib/jvm/java-8-openjdk-amd64/jre/lib/amd64/libzip.so
7f1f688c3000-7f1f688c4000 r--p 00008000 103:02 2104056                   /usr/lib/jvm/java-8-openjdk-amd64/jre/lib/amd64/libzip.so
7f1f688c4000-7f1f688c5000 rw-p 00009000 103:02 2104056                   /usr/lib/jvm/java-8-openjdk-amd64/jre/lib/amd64/libzip.so
7f1f688c5000-7f1f688cd000 rw-s 00000000 103:02 655410                    /tmp/hsperfdata_adza/18576
7f1f688cd000-7f1f688da000 r--p 00000000 103:02 2104037                   /usr/lib/jvm/java-8-openjdk-amd64/jre/lib/amd64/libjava.so
7f1f688da000-7f1f688f2000 r-xp 0000d000 103:02 2104037                   /usr/lib/jvm/java-8-openjdk-amd64/jre/lib/amd64/libjava.so
7f1f688f2000-7f1f688f9000 r--p 00025000 103:02 2104037                   /usr/lib/jvm/java-8-openjdk-amd64/jre/lib/amd64/libjava.so
7f1f688f9000-7f1f688fa000 r--p 0002b000 103:02 2104037                   /usr/lib/jvm/java-8-openjdk-amd64/jre/lib/amd64/libjava.so
7f1f688fa000-7f1f688fc000 rw-p 0002c000 103:02 2104037                   /usr/lib/jvm/java-8-openjdk-amd64/jre/lib/amd64/libjava.so
7f1f688fc000-7f1f688ff000 r--p 00000000 103:02 1712798                   /usr/lib/x86_64-linux-gnu/librt-2.29.so
7f1f688ff000-7f1f68903000 r-xp 00003000 103:02 1712798                   /usr/lib/x86_64-linux-gnu/librt-2.29.so
7f1f68903000-7f1f68905000 r--p 00007000 103:02 1712798                   /usr/lib/x86_64-linux-gnu/librt-2.29.so
7f1f68905000-7f1f68906000 r--p 00008000 103:02 1712798                   /usr/lib/x86_64-linux-gnu/librt-2.29.so
7f1f68906000-7f1f68907000 rw-p 00009000 103:02 1712798                   /usr/lib/x86_64-linux-gnu/librt-2.29.so
7f1f68907000-7f1f68908000 ---p 00000000 00:00 0 
7f1f68908000-7f1f6890b000 ---p 00000000 00:00 0 
7f1f6890b000-7f1f68a08000 rw-p 00000000 00:00 0 
7f1f68a08000-7f1f68a0b000 r--p 00000000 103:02 1712198                   /usr/lib/x86_64-linux-gnu/libgcc_s.so.1
7f1f68a0b000-7f1f68a1c000 r-xp 00003000 103:02 1712198                   /usr/lib/x86_64-linux-gnu/libgcc_s.so.1
7f1f68a1c000-7f1f68a20000 r--p 00014000 103:02 1712198                   /usr/lib/x86_64-linux-gnu/libgcc_s.so.1
7f1f68a20000-7f1f68a21000 r--p 00017000 103:02 1712198                   /usr/lib/x86_64-linux-gnu/libgcc_s.so.1
7f1f68a21000-7f1f68a22000 rw-p 00018000 103:02 1712198                   /usr/lib/x86_64-linux-gnu/libgcc_s.so.1
7f1f68a22000-7f1f68a31000 r--p 00000000 103:02 1712462                   /usr/lib/x86_64-linux-gnu/libm-2.29.so
7f1f68a31000-7f1f68ad7000 r-xp 0000f000 103:02 1712462                   /usr/lib/x86_64-linux-gnu/libm-2.29.so
7f1f68ad7000-7f1f68b6e000 r--p 000b5000 103:02 1712462                   /usr/lib/x86_64-linux-gnu/libm-2.29.so
7f1f68b6e000-7f1f68b6f000 r--p 0014b000 103:02 1712462                   /usr/lib/x86_64-linux-gnu/libm-2.29.so
7f1f68b6f000-7f1f68b70000 rw-p 0014c000 103:02 1712462                   /usr/lib/x86_64-linux-gnu/libm-2.29.so
7f1f68b70000-7f1f68c05000 r--p 00000000 103:02 1711749                   /usr/lib/x86_64-linux-gnu/libstdc++.so.6.0.26
7f1f68c05000-7f1f68cf7000 r-xp 00095000 103:02 1711749                   /usr/lib/x86_64-linux-gnu/libstdc++.so.6.0.26
7f1f68cf7000-7f1f68d40000 r--p 00187000 103:02 1711749                   /usr/lib/x86_64-linux-gnu/libstdc++.so.6.0.26
7f1f68d40000-7f1f68d41000 ---p 001d0000 103:02 1711749                   /usr/lib/x86_64-linux-gnu/libstdc++.so.6.0.26
7f1f68d41000-7f1f68d4c000 r--p 001d0000 103:02 1711749                   /usr/lib/x86_64-linux-gnu/libstdc++.so.6.0.26
7f1f68d4c000-7f1f68d4f000 rw-p 001db000 103:02 1711749                   /usr/lib/x86_64-linux-gnu/libstdc++.so.6.0.26
7f1f68d4f000-7f1f68d52000 rw-p 00000000 00:00 0 
7f1f68d52000-7f1f68f41000 r--p 00000000 103:02 2104059                   /usr/lib/jvm/java-8-openjdk-amd64/jre/lib/amd64/server/libjvm.so
7f1f68f41000-7f1f69792000 r-xp 001ef000 103:02 2104059                   /usr/lib/jvm/java-8-openjdk-amd64/jre/lib/amd64/server/libjvm.so
7f1f69792000-7f1f69930000 r--p 00a40000 103:02 2104059                   /usr/lib/jvm/java-8-openjdk-amd64/jre/lib/amd64/server/libjvm.so
7f1f69930000-7f1f699c4000 r--p 00bdd000 103:02 2104059                   /usr/lib/jvm/java-8-openjdk-amd64/jre/lib/amd64/server/libjvm.so
7f1f699c4000-7f1f699ed000 rw-p 00c71000 103:02 2104059                   /usr/lib/jvm/java-8-openjdk-amd64/jre/lib/amd64/server/libjvm.so
7f1f699ed000-7f1f69a1f000 rw-p 00000000 00:00 0 
7f1f69a1f000-7f1f69a26000 r--p 00000000 103:02 1712732                   /usr/lib/x86_64-linux-gnu/libpthread-2.29.so
7f1f69a26000-7f1f69a35000 r-xp 00007000 103:02 1712732                   /usr/lib/x86_64-linux-gnu/libpthread-2.29.so
7f1f69a35000-7f1f69a3a000 r--p 00016000 103:02 1712732                   /usr/lib/x86_64-linux-gnu/libpthread-2.29.so
7f1f69a3a000-7f1f69a3b000 r--p 0001a000 103:02 1712732                   /usr/lib/x86_64-linux-gnu/libpthread-2.29.so
7f1f69a3b000-7f1f69a3c000 rw-p 0001b000 103:02 1712732                   /usr/lib/x86_64-linux-gnu/libpthread-2.29.so
7f1f69a3c000-7f1f69a40000 rw-p 00000000 00:00 0 
7f1f69a40000-7f1f69a41000 r--p 00000000 103:02 1711980                   /usr/lib/x86_64-linux-gnu/libdl-2.29.so
7f1f69a41000-7f1f69a43000 r-xp 00001000 103:02 1711980                   /usr/lib/x86_64-linux-gnu/libdl-2.29.so
7f1f69a43000-7f1f69a44000 r--p 00003000 103:02 1711980                   /usr/lib/x86_64-linux-gnu/libdl-2.29.so
7f1f69a44000-7f1f69a45000 r--p 00003000 103:02 1711980                   /usr/lib/x86_64-linux-gnu/libdl-2.29.so
7f1f69a45000-7f1f69a46000 rw-p 00004000 103:02 1711980                   /usr/lib/x86_64-linux-gnu/libdl-2.29.so
7f1f69a46000-7f1f69a48000 r--p 00000000 103:02 1713148                   /usr/lib/x86_64-linux-gnu/libz.so.1.2.11
7f1f69a48000-7f1f69a59000 r-xp 00002000 103:02 1713148                   /usr/lib/x86_64-linux-gnu/libz.so.1.2.11
7f1f69a59000-7f1f69a5f000 r--p 00013000 103:02 1713148                   /usr/lib/x86_64-linux-gnu/libz.so.1.2.11
7f1f69a5f000-7f1f69a60000 ---p 00019000 103:02 1713148                   /usr/lib/x86_64-linux-gnu/libz.so.1.2.11
7f1f69a60000-7f1f69a61000 r--p 00019000 103:02 1713148                   /usr/lib/x86_64-linux-gnu/libz.so.1.2.11
7f1f69a61000-7f1f69a62000 rw-p 0001a000 103:02 1713148                   /usr/lib/x86_64-linux-gnu/libz.so.1.2.11
7f1f69a62000-7f1f69a87000 r--p 00000000 103:02 1711843                   /usr/lib/x86_64-linux-gnu/libc-2.29.so
7f1f69a87000-7f1f69bfa000 r-xp 00025000 103:02 1711843                   /usr/lib/x86_64-linux-gnu/libc-2.29.so
7f1f69bfa000-7f1f69c43000 r--p 00198000 103:02 1711843                   /usr/lib/x86_64-linux-gnu/libc-2.29.so
7f1f69c43000-7f1f69c46000 r--p 001e0000 103:02 1711843                   /usr/lib/x86_64-linux-gnu/libc-2.29.so
7f1f69c46000-7f1f69c49000 rw-p 001e3000 103:02 1711843                   /usr/lib/x86_64-linux-gnu/libc-2.29.so
7f1f69c49000-7f1f69c4d000 rw-p 00000000 00:00 0 
7f1f69c4d000-7f1f69c4e000 r--s 0000a000 103:02 2104073                   /usr/lib/jvm/java-8-openjdk-amd64/jre/lib/ext/jaccess.jar
7f1f69c4e000-7f1f69c4f000 rw-p 00000000 00:00 0 
7f1f69c4f000-7f1f69c50000 ---p 00000000 00:00 0 
7f1f69c50000-7f1f69c55000 r--p 00000000 103:02 2104055                   /usr/lib/jvm/java-8-openjdk-amd64/jre/lib/amd64/libverify.so
7f1f69c55000-7f1f69c5e000 r-xp 00005000 103:02 2104055                   /usr/lib/jvm/java-8-openjdk-amd64/jre/lib/amd64/libverify.so
7f1f69c5e000-7f1f69c60000 r--p 0000e000 103:02 2104055                   /usr/lib/jvm/java-8-openjdk-amd64/jre/lib/amd64/libverify.so
7f1f69c60000-7f1f69c62000 r--p 0000f000 103:02 2104055                   /usr/lib/jvm/java-8-openjdk-amd64/jre/lib/amd64/libverify.so
7f1f69c62000-7f1f69c63000 rw-p 00011000 103:02 2104055                   /usr/lib/jvm/java-8-openjdk-amd64/jre/lib/amd64/libverify.so
7f1f69c63000-7f1f69c65000 r--p 00000000 103:02 2104023                   /usr/lib/jvm/java-8-openjdk-amd64/jre/lib/amd64/jli/libjli.so
7f1f69c65000-7f1f69c6e000 r-xp 00002000 103:02 2104023                   /usr/lib/jvm/java-8-openjdk-amd64/jre/lib/amd64/jli/libjli.so
7f1f69c6e000-7f1f69c71000 r--p 0000b000 103:02 2104023                   /usr/lib/jvm/java-8-openjdk-amd64/jre/lib/amd64/jli/libjli.so
7f1f69c71000-7f1f69c72000 r--p 0000d000 103:02 2104023                   /usr/lib/jvm/java-8-openjdk-amd64/jre/lib/amd64/jli/libjli.so
7f1f69c72000-7f1f69c73000 rw-p 0000e000 103:02 2104023                   /usr/lib/jvm/java-8-openjdk-amd64/jre/lib/amd64/jli/libjli.so
7f1f69c73000-7f1f69c75000 rw-p 00000000 00:00 0 
7f1f69c75000-7f1f69c76000 r--p 00000000 103:02 1711623                   /usr/lib/x86_64-linux-gnu/ld-2.29.so
7f1f69c76000-7f1f69c97000 r-xp 00001000 103:02 1711623                   /usr/lib/x86_64-linux-gnu/ld-2.29.so
7f1f69c97000-7f1f69c9f000 r--p 00022000 103:02 1711623                   /usr/lib/x86_64-linux-gnu/ld-2.29.so
7f1f69c9f000-7f1f69ca0000 r--p 00029000 103:02 1711623                   /usr/lib/x86_64-linux-gnu/ld-2.29.so
7f1f69ca0000-7f1f69ca1000 rw-p 0002a000 103:02 1711623                   /usr/lib/x86_64-linux-gnu/ld-2.29.so
7f1f69ca1000-7f1f69ca2000 rw-p 00000000 00:00 0 
7ffc8943e000-7ffc8945f000 rw-p 00000000 00:00 0                          [stack]
7ffc894b8000-7ffc894bb000 r--p 00000000 00:00 0                          [vvar]
7ffc894bb000-7ffc894bc000 r-xp 00000000 00:00 0                          [vdso]
ffffffffff600000-ffffffffff601000 r-xp 00000000 00:00 0                  [vsyscall]

VM Arguments:
jvm_args: -Ddebug.internal.errors=true -Ddebug.semantic.errors=false 
java_command: apex.jorje.lsp.ApexLanguageServerLauncher
java_class_path (initial): /home/adza/.vscode/extensions/salesforce.salesforcedx-vscode-apex-46.7.0/out/apex-jorje-lsp.jar
Launcher Type: SUN_STANDARD

Environment Variables:
PATH=/home/adza/.cargo/bin:/usr/local/sbin:/usr/local/bin:/usr/sbin:/usr/bin:/sbin:/bin:/usr/games:/usr/local/games:/snap/bin
USERNAME=adza
SHELL=/bin/bash
DISPLAY=:0

Signal Handlers:
SIGSEGV: [libjvm.so+0xa1f680], sa_mask[0]=11111111011111111101111111111110, sa_flags=SA_RESTART|SA_SIGINFO
SIGBUS: [libjvm.so+0xa1f680], sa_mask[0]=11111111011111111101111111111110, sa_flags=SA_RESTART|SA_SIGINFO
SIGFPE: [libjvm.so+0x87ede0], sa_mask[0]=11111111011111111101111111111110, sa_flags=SA_RESTART|SA_SIGINFO
SIGPIPE: [libjvm.so+0x87ede0], sa_mask[0]=11111111011111111101111111111110, sa_flags=SA_RESTART|SA_SIGINFO
SIGXFSZ: [libjvm.so+0x87ede0], sa_mask[0]=11111111011111111101111111111110, sa_flags=SA_RESTART|SA_SIGINFO
SIGILL: [libjvm.so+0x87ede0], sa_mask[0]=11111111011111111101111111111110, sa_flags=SA_RESTART|SA_SIGINFO
SIGUSR1: SIG_DFL, sa_mask[0]=00000000000000000000000000000000, sa_flags=none
SIGUSR2: [libjvm.so+0x87ec80], sa_mask[0]=00000000000000000000000000000000, sa_flags=SA_RESTART|SA_SIGINFO
SIGHUP: [libjvm.so+0x87f060], sa_mask[0]=11111111011111111101111111111110, sa_flags=SA_RESTART|SA_SIGINFO
SIGINT: [libjvm.so+0x87f060], sa_mask[0]=11111111011111111101111111111110, sa_flags=SA_RESTART|SA_SIGINFO
SIGTERM: [libjvm.so+0x87f060], sa_mask[0]=11111111011111111101111111111110, sa_flags=SA_RESTART|SA_SIGINFO
SIGQUIT: [libjvm.so+0x87f060], sa_mask[0]=11111111011111111101111111111110, sa_flags=SA_RESTART|SA_SIGINFO


---------------  S Y S T E M  ---------------

OS:DISTRIB_ID=Ubuntu
DISTRIB_RELEASE=19.04
DISTRIB_CODENAME=disco
DISTRIB_DESCRIPTION="Ubuntu 19.04"

uname:Linux 5.0.0-20-generic #21-Ubuntu SMP Mon Jun 24 09:32:09 UTC 2019 x86_64
libc:glibc 2.29 NPTL 2.29 
rlimit: STACK 8192k, CORE 0k, NPROC 30609, NOFILE 1048576, AS infinity
load average:39.95 19.64 11.42

/proc/meminfo:
MemTotal:        7884740 kB
MemFree:          133492 kB
MemAvailable:      63284 kB
Buffers:            5740 kB
Cached:          1089560 kB
SwapCached:        10532 kB
Active:          6306000 kB
Inactive:         948116 kB
Active(anon):    6272428 kB
Inactive(anon):   914904 kB
Active(file):      33572 kB
Inactive(file):    33212 kB
Unevictable:       23176 kB
Mlocked:              32 kB
SwapTotal:       2097148 kB
SwapFree:              0 kB
Dirty:                 0 kB
Writeback:             0 kB
AnonPages:       6171888 kB
Mapped:           667248 kB
Shmem:           1028196 kB
KReclaimable:      74568 kB
Slab:             238396 kB
SReclaimable:      74568 kB
SUnreclaim:       163828 kB
KernelStack:       25312 kB
PageTables:        76400 kB
NFS_Unstable:          0 kB
Bounce:                0 kB
WritebackTmp:          0 kB
CommitLimit:     6039516 kB
Committed_AS:   19936500 kB
VmallocTotal:   34359738367 kB
VmallocUsed:           0 kB
VmallocChunk:          0 kB
Percpu:             5344 kB
HardwareCorrupted:     0 kB
AnonHugePages:         0 kB
ShmemHugePages:        0 kB
ShmemPmdMapped:        0 kB
CmaTotal:              0 kB
CmaFree:               0 kB
HugePages_Total:       0
HugePages_Free:        0
HugePages_Rsvd:        0
HugePages_Surp:        0
Hugepagesize:       2048 kB
Hugetlb:               0 kB
DirectMap4k:      444432 kB
DirectMap2M:     7665664 kB
DirectMap1G:           0 kB

container (cgroup) information:
container_type: cgroupv1
cpu_cpuset_cpus: 0-7
cpu_memory_nodes: 0
active_processor_count: 8
cpu_quota: -1
cpu_period: 100000
cpu_shares: -1
memory_limit_in_bytes: -1
memory_and_swap_limit_in_bytes: -2
memory_soft_limit_in_bytes: -1
memory_usage_in_bytes: 7572602880
memory_max_usage_in_bytes: 7616135168


CPU:total 8 (initial active 8) (4 cores per cpu, 2 threads per core) family 6 model 142 stepping 10, cmov, cx8, fxsr, mmx, sse, sse2, sse3, ssse3, sse4.1, sse4.2, popcnt, avx, avx2, aes, clmul, erms, 3dnowpref, lzcnt, ht, tsc, tscinvbit, bmi1, bmi2, adx

/proc/cpuinfo:
processor	: 0
vendor_id	: GenuineIntel
cpu family	: 6
model		: 142
model name	: Intel(R) Core(TM) i7-8550U CPU @ 1.80GHz
stepping	: 10
microcode	: 0xb4
cpu MHz		: 2841.169
cache size	: 8192 KB
physical id	: 0
siblings	: 8
core id		: 0
cpu cores	: 4
apicid		: 0
initial apicid	: 0
fpu		: yes
fpu_exception	: yes
cpuid level	: 22
wp		: yes
flags		: fpu vme de pse tsc msr pae mce cx8 apic sep mtrr pge mca cmov pat pse36 clflush dts acpi mmx fxsr sse sse2 ss ht tm pbe syscall nx pdpe1gb rdtscp lm constant_tsc art arch_perfmon pebs bts rep_good nopl xtopology nonstop_tsc cpuid aperfmperf tsc_known_freq pni pclmulqdq dtes64 monitor ds_cpl vmx est tm2 ssse3 sdbg fma cx16 xtpr pdcm pcid sse4_1 sse4_2 x2apic movbe popcnt tsc_deadline_timer aes xsave avx f16c rdrand lahf_lm abm 3dnowprefetch cpuid_fault epb invpcid_single pti ssbd ibrs ibpb stibp tpr_shadow vnmi flexpriority ept vpid ept_ad fsgsbase tsc_adjust bmi1 avx2 smep bmi2 erms invpcid mpx rdseed adx smap clflushopt intel_pt xsaveopt xsavec xgetbv1 xsaves dtherm ida arat pln pts hwp hwp_notify hwp_act_window hwp_epp md_clear flush_l1d
bugs		: cpu_meltdown spectre_v1 spectre_v2 spec_store_bypass l1tf mds
bogomips	: 3984.00
clflush size	: 64
cache_alignment	: 64
address sizes	: 39 bits physical, 48 bits virtual
power management:

processor	: 1
vendor_id	: GenuineIntel
cpu family	: 6
model		: 142
model name	: Intel(R) Core(TM) i7-8550U CPU @ 1.80GHz
stepping	: 10
microcode	: 0xb4
cpu MHz		: 2821.465
cache size	: 8192 KB
physical id	: 0
siblings	: 8
core id		: 1
cpu cores	: 4
apicid		: 2
initial apicid	: 2
fpu		: yes
fpu_exception	: yes
cpuid level	: 22
wp		: yes
flags		: fpu vme de pse tsc msr pae mce cx8 apic sep mtrr pge mca cmov pat pse36 clflush dts acpi mmx fxsr sse sse2 ss ht tm pbe syscall nx pdpe1gb rdtscp lm constant_tsc art arch_perfmon pebs bts rep_good nopl xtopology nonstop_tsc cpuid aperfmperf tsc_known_freq pni pclmulqdq dtes64 monitor ds_cpl vmx est tm2 ssse3 sdbg fma cx16 xtpr pdcm pcid sse4_1 sse4_2 x2apic movbe popcnt tsc_deadline_timer aes xsave avx f16c rdrand lahf_lm abm 3dnowprefetch cpuid_fault epb invpcid_single pti ssbd ibrs ibpb stibp tpr_shadow vnmi flexpriority ept vpid ept_ad fsgsbase tsc_adjust bmi1 avx2 smep bmi2 erms invpcid mpx rdseed adx smap clflushopt intel_pt xsaveopt xsavec xgetbv1 xsaves dtherm ida arat pln pts hwp hwp_notify hwp_act_window hwp_epp flush_l1d
bugs		: cpu_meltdown spectre_v1 spectre_v2 spec_store_bypass l1tf mds
bogomips	: 3984.00
clflush size	: 64
cache_alignment	: 64
address sizes	: 39 bits physical, 48 bits virtual
power management:

processor	: 2
vendor_id	: GenuineIntel
cpu family	: 6
model		: 142
model name	: Intel(R) Core(TM) i7-8550U CPU @ 1.80GHz
stepping	: 10
microcode	: 0xb4
cpu MHz		: 2845.062
cache size	: 8192 KB
physical id	: 0
siblings	: 8
core id		: 2
cpu cores	: 4
apicid		: 4
initial apicid	: 4
fpu		: yes
fpu_exception	: yes
cpuid level	: 22
wp		: yes
flags		: fpu vme de pse tsc msr pae mce cx8 apic sep mtrr pge mca cmov pat pse36 clflush dts acpi mmx fxsr sse sse2 ss ht tm pbe syscall nx pdpe1gb rdtscp lm constant_tsc art arch_perfmon pebs bts rep_good nopl xtopology nonstop_tsc cpuid aperfmperf tsc_known_freq pni pclmulqdq dtes64 monitor ds_cpl vmx est tm2 ssse3 sdbg fma cx16 xtpr pdcm pcid sse4_1 sse4_2 x2apic movbe popcnt tsc_deadline_timer aes xsave avx f16c rdrand lahf_lm abm 3dnowprefetch cpuid_fault epb invpcid_single pti ssbd ibrs ibpb stibp tpr_shadow vnmi flexpriority ept vpid ept_ad fsgsbase tsc_adjust bmi1 avx2 smep bmi2 erms invpcid mpx rdseed adx smap clflushopt intel_pt xsaveopt xsavec xgetbv1 xsaves dtherm ida arat pln pts hwp hwp_notify hwp_act_window hwp_epp flush_l1d
bugs		: cpu_meltdown spectre_v1 spectre_v2 spec_store_bypass l1tf mds
bogomips	: 3984.00
clflush size	: 64
cache_alignment	: 64
address sizes	: 39 bits physical, 48 bits virtual
power management:

processor	: 3
vendor_id	: GenuineIntel
cpu family	: 6
model		: 142
model name	: Intel(R) Core(TM) i7-8550U CPU @ 1.80GHz
stepping	: 10
microcode	: 0xb4
cpu MHz		: 2888.920
cache size	: 8192 KB
physical id	: 0
siblings	: 8
core id		: 3
cpu cores	: 4
apicid		: 6
initial apicid	: 6
fpu		: yes
fpu_exception	: yes
cpuid level	: 22
wp		: yes
flags		: fpu vme de pse tsc msr pae mce cx8 apic sep mtrr pge mca cmov pat pse36 clflush dts acpi mmx fxsr sse sse2 ss ht tm pbe syscall nx pdpe1gb rdtscp lm constant_tsc art arch_perfmon pebs bts rep_good nopl xtopology nonstop_tsc cpuid aperfmperf tsc_known_freq pni pclmulqdq dtes64 monitor ds_cpl vmx est tm2 ssse3 sdbg fma cx16 xtpr pdcm pcid sse4_1 sse4_2 x2apic movbe popcnt tsc_deadline_timer aes xsave avx f16c rdrand lahf_lm abm 3dnowprefetch cpuid_fault epb invpcid_single pti ssbd ibrs ibpb stibp tpr_shadow vnmi flexpriority ept vpid ept_ad fsgsbase tsc_adjust bmi1 avx2 smep bmi2 erms invpcid mpx rdseed adx smap clflushopt intel_pt xsaveopt xsavec xgetbv1 xsaves dtherm ida arat pln pts hwp hwp_notify hwp_act_window hwp_epp flush_l1d
bugs		: cpu_meltdown spectre_v1 spectre_v2 spec_store_bypass l1tf mds
bogomips	: 3984.00
clflush size	: 64
cache_alignment	: 64
address sizes	: 39 bits physical, 48 bits virtual
power management:

processor	: 4
vendor_id	: GenuineIntel
cpu family	: 6
model		: 142
model name	: Intel(R) Core(TM) i7-8550U CPU @ 1.80GHz
stepping	: 10
microcode	: 0xb4
cpu MHz		: 2850.263
cache size	: 8192 KB
physical id	: 0
siblings	: 8
core id		: 0
cpu cores	: 4
apicid		: 1
initial apicid	: 1
fpu		: yes
fpu_exception	: yes
cpuid level	: 22
wp		: yes
flags		: fpu vme de pse tsc msr pae mce cx8 apic sep mtrr pge mca cmov pat pse36 clflush dts acpi mmx fxsr sse sse2 ss ht tm pbe syscall nx pdpe1gb rdtscp lm constant_tsc art arch_perfmon pebs bts rep_good nopl xtopology nonstop_tsc cpuid aperfmperf tsc_known_freq pni pclmulqdq dtes64 monitor ds_cpl vmx est tm2 ssse3 sdbg fma cx16 xtpr pdcm pcid sse4_1 sse4_2 x2apic movbe popcnt tsc_deadline_timer aes xsave avx f16c rdrand lahf_lm abm 3dnowprefetch cpuid_fault epb invpcid_single pti ssbd ibrs ibpb stibp tpr_shadow vnmi flexpriority ept vpid ept_ad fsgsbase tsc_adjust bmi1 avx2 smep bmi2 erms invpcid mpx rdseed adx smap clflushopt intel_pt xsaveopt xsavec xgetbv1 xsaves dtherm ida arat pln pts hwp hwp_notify hwp_act_window hwp_epp md_clear flush_l1d
bugs		: cpu_meltdown spectre_v1 spectre_v2 spec_store_bypass l1tf mds
bogomips	: 3984.00
clflush size	: 64
cache_alignment	: 64
address sizes	: 39 bits physical, 48 bits virtual
power management:

processor	: 5
vendor_id	: GenuineIntel
cpu family	: 6
model		: 142
model name	: Intel(R) Core(TM) i7-8550U CPU @ 1.80GHz
stepping	: 10
microcode	: 0xb4
cpu MHz		: 2822.566
cache size	: 8192 KB
physical id	: 0
siblings	: 8
core id		: 1
cpu cores	: 4
apicid		: 3
initial apicid	: 3
fpu		: yes
fpu_exception	: yes
cpuid level	: 22
wp		: yes
flags		: fpu vme de pse tsc msr pae mce cx8 apic sep mtrr pge mca cmov pat pse36 clflush dts acpi mmx fxsr sse sse2 ss ht tm pbe syscall nx pdpe1gb rdtscp lm constant_tsc art arch_perfmon pebs bts rep_good nopl xtopology nonstop_tsc cpuid aperfmperf tsc_known_freq pni pclmulqdq dtes64 monitor ds_cpl vmx est tm2 ssse3 sdbg fma cx16 xtpr pdcm pcid sse4_1 sse4_2 x2apic movbe popcnt tsc_deadline_timer aes xsave avx f16c rdrand lahf_lm abm 3dnowprefetch cpuid_fault epb invpcid_single pti ssbd ibrs ibpb stibp tpr_shadow vnmi flexpriority ept vpid ept_ad fsgsbase tsc_adjust bmi1 avx2 smep bmi2 erms invpcid mpx rdseed adx smap clflushopt intel_pt xsaveopt xsavec xgetbv1 xsaves dtherm ida arat pln pts hwp hwp_notify hwp_act_window hwp_epp md_clear flush_l1d
bugs		: cpu_meltdown spectre_v1 spectre_v2 spec_store_bypass l1tf mds
bogomips	: 3984.00
clflush size	: 64
cache_alignment	: 64
address sizes	: 39 bits physical, 48 bits virtual
power management:

processor	: 6
vendor_id	: GenuineIntel
cpu family	: 6
model		: 142
model name	: Intel(R) Core(TM) i7-8550U CPU @ 1.80GHz
stepping	: 10
microcode	: 0xb4
cpu MHz		: 2801.644
cache size	: 8192 KB
physical id	: 0
siblings	: 8
core id		: 2
cpu cores	: 4
apicid		: 5
initial apicid	: 5
fpu		: yes
fpu_exception	: yes
cpuid level	: 22
wp		: yes
flags		: fpu vme de pse tsc msr pae mce cx8 apic sep mtrr pge mca cmov pat pse36 clflush dts acpi mmx fxsr sse sse2 ss ht tm pbe syscall nx pdpe1gb rdtscp lm constant_tsc art arch_perfmon pebs bts rep_good nopl xtopology nonstop_tsc cpuid aperfmperf tsc_known_freq pni pclmulqdq dtes64 monitor ds_cpl vmx est tm2 ssse3 sdbg fma cx16 xtpr pdcm pcid sse4_1 sse4_2 x2apic movbe popcnt tsc_deadline_timer aes xsave avx f16c rdrand lahf_lm abm 3dnowprefetch cpuid_fault epb invpcid_single pti ssbd ibrs ibpb stibp tpr_shadow vnmi flexpriority ept vpid ept_ad fsgsbase tsc_adjust bmi1 avx2 smep bmi2 erms invpcid mpx rdseed adx smap clflushopt intel_pt xsaveopt xsavec xgetbv1 xsaves dtherm ida arat pln pts hwp hwp_notify hwp_act_window hwp_epp md_clear flush_l1d
bugs		: cpu_meltdown spectre_v1 spectre_v2 spec_store_bypass l1tf mds
bogomips	: 3984.00
clflush size	: 64
cache_alignment	: 64
address sizes	: 39 bits physical, 48 bits virtual
power management:

processor	: 7
vendor_id	: GenuineIntel
cpu family	: 6
model		: 142
model name	: Intel(R) Core(TM) i7-8550U CPU @ 1.80GHz
stepping	: 10
microcode	: 0xb4
cpu MHz		: 2801.216
cache size	: 8192 KB
physical id	: 0
siblings	: 8
core id		: 3
cpu cores	: 4
apicid		: 7
initial apicid	: 7
fpu		: yes
fpu_exception	: yes
cpuid level	: 22
wp		: yes
flags		: fpu vme de pse tsc msr pae mce cx8 apic sep mtrr pge mca cmov pat pse36 clflush dts acpi mmx fxsr sse sse2 ss ht tm pbe syscall nx pdpe1gb rdtscp lm constant_tsc art arch_perfmon pebs bts rep_good nopl xtopology nonstop_tsc cpuid aperfmperf tsc_known_freq pni pclmulqdq dtes64 monitor ds_cpl vmx est tm2 ssse3 sdbg fma cx16 xtpr pdcm pcid sse4_1 sse4_2 x2apic movbe popcnt tsc_deadline_timer aes xsave avx f16c rdrand lahf_lm abm 3dnowprefetch cpuid_fault epb invpcid_single pti ssbd ibrs ibpb stibp tpr_shadow vnmi flexpriority ept vpid ept_ad fsgsbase tsc_adjust bmi1 avx2 smep bmi2 erms invpcid mpx rdseed adx smap clflushopt intel_pt xsaveopt xsavec xgetbv1 xsaves dtherm ida arat pln pts hwp hwp_notify hwp_act_window hwp_epp md_clear flush_l1d
bugs		: cpu_meltdown spectre_v1 spectre_v2 spec_store_bypass l1tf mds
bogomips	: 3984.00
clflush size	: 64
cache_alignment	: 64
address sizes	: 39 bits physical, 48 bits virtual
power management:



Memory: 4k page, physical 7884740k(132736k free), swap 2097148k(4k free)

vm_info: OpenJDK 64-Bit Server VM (25.212-b03) for linux-amd64 JRE (1.8.0_212-8u212-b03-0ubuntu1.19.04.2-b03), built on Apr 26 2019 01:04:36 by "buildd" with gcc 8.3.0

time: Sat Jul 27 20:42:22 2019
timezone: AEST
elapsed time: 1 seconds (0d 0h 0m 1s)

